Compilación iniciada a las 11/06/2019 13:25:24.
     1>Proyecto "C:\Users\ALEX PC\Desktop\Casi Definitivo\v0.1\JuegoInforPrueba Cobi\JuegoInforPrueba\JuegoInforPrueba.vcxproj" en el nodo 2 (Build destinos).
       El archivo del proyecto contiene ToolsVersion="15.0". Este conjunto de herramientas falta o es desconocido, en cuyo caso es posible que pueda resolver este problema instalando la versión apropiada de MSBuild. También es posible que, por motivos de directiva, se haya exigido a la compilación que use un valor determinado para ToolsVersion. Se tratará el proyecto como si contuviera ToolsVersion="4.0". Para obtener más información, vea http://go.microsoft.com/fwlink/?LinkId=291333.
     1>ClCompile:
         C:\Program Files (x86)\Microsoft Visual Studio 11.0\VC\bin\CL.exe /c /ZI /nologo /W3 /WX- /Od /Oy- /D WIN32 /D _DEBUG /D _CONSOLE /D _UNICODE /D UNICODE /Gm /EHsc /RTC1 /MDd /GS /fp:precise /Zc:wchar_t /Zc:forScope /Fo"Debug\\" /Fd"Debug\vc110.pdb" /Gd /TP /analyze- /errorReport:prompt Obstaculo.cpp
         Obstaculo.cpp
       Link:
         C:\Program Files (x86)\Microsoft Visual Studio 11.0\VC\bin\link.exe /ERRORREPORT:PROMPT /OUT:"C:\Users\ALEX PC\Desktop\Casi Definitivo\v0.1\JuegoInforPrueba Cobi\Debug\JuegoInforPrueba.exe" /INCREMENTAL /NOLOGO kernel32.lib user32.lib gdi32.lib winspool.lib comdlg32.lib advapi32.lib shell32.lib ole32.lib oleaut32.lib uuid.lib odbc32.lib odbccp32.lib /MANIFEST /MANIFESTUAC:"level='asInvoker' uiAccess='false'" /manifest:embed /DEBUG /PDB:"C:\Users\ALEX PC\Desktop\Casi Definitivo\v0.1\JuegoInforPrueba Cobi\Debug\JuegoInforPrueba.pdb" /SUBSYSTEM:CONSOLE /TLBID:1 /DYNAMICBASE /NXCOMPAT /IMPLIB:"C:\Users\ALEX PC\Desktop\Casi Definitivo\v0.1\JuegoInforPrueba Cobi\Debug\JuegoInforPrueba.lib" /MACHINE:X86 Debug\Bloque.obj
         Debug\Bonus.obj
         Debug\BonusFantasma.obj
         Debug\BonusMoneda.obj
         Debug\BonusVelocidad.obj
         Debug\Celda.obj
         Debug\Escenario.obj
         Debug\HUD.obj
         Debug\Interaccion.obj
         Debug\ListaBloques.obj
         Debug\ListaEscenario.obj
         Debug\MundoJuego.obj
         Debug\Objeto.obj
         Debug\Obstaculo.obj
         Debug\Pared.obj
         Debug\Personaje.obj
         Debug\Principal.obj
         Debug\Timer.obj
         Debug\Vacio.obj
         Debug\Vector3D.obj
         JuegoInforPrueba.vcxproj -> C:\Users\ALEX PC\Desktop\Casi Definitivo\v0.1\JuegoInforPrueba Cobi\Debug\JuegoInforPrueba.exe
     1>Compilación del proyecto terminada "C:\Users\ALEX PC\Desktop\Casi Definitivo\v0.1\JuegoInforPrueba Cobi\JuegoInforPrueba\JuegoInforPrueba.vcxproj" (Build destinos).

Compilación correcta.

Tiempo transcurrido 00:00:02.70
